<?xml version="1.0" encoding="UTF-8"?>
<!-- Generated by org.testng.reporters.JUnitReportReporter -->
<testsuite hostname="LAPTOP-8VA8KHDC" failures="0" tests="1" name="test.Test2" time="0.002" errors="0" timestamp="2021-02-20T07:25:35 PST" skipped="0">
  <testcase classname="test.Test2" name="method3" time="0.002"/>
  <system-out/>
</testsuite> <!-- test.Test2 -->
