<?xml version="1.0" encoding="UTF-8"?>
<!-- Generated by org.testng.reporters.JUnitReportReporter -->
<testsuite hostname="LAPTOP-8VA8KHDC" failures="0" tests="2" name="test.TestCase1" time="0.023" errors="0" timestamp="2021-02-20T06:50:19 PST" skipped="0">
  <testcase classname="test.TestCase1" name="method1" time="0.018"/>
  <system-out/>
  <testcase classname="test.TestCase1" name="method2" time="0.005"/>
  <system-out/>
</testsuite> <!-- test.TestCase1 -->
