<?xml version="1.0" encoding="UTF-8"?>
<!-- Generated by org.testng.reporters.JUnitReportReporter -->
<testsuite hostname="LAPTOP-8VA8KHDC" failures="0" tests="1" name="test.Test1" time="0.009" errors="0" timestamp="2021-02-20T07:25:35 PST" skipped="0">
  <testcase classname="test.Test1" name="method1" time="0.009"/>
  <system-out/>
</testsuite> <!-- test.Test1 -->
